2010-05-01 20:12:50 Debug: Notice (8): Undefined offset:  0 in [APP\views\adaptive_payments\index.ctp, line 57]
2010-05-01 20:12:50 Debug: Notice (8): Undefined offset:  0 in [APP\views\adaptive_payments\index.ctp, line 58]
2010-05-01 20:12:50 Debug: Notice (8): Undefined offset:  0 in [APP\views\adaptive_payments\index.ctp, line 59]
2010-05-01 20:12:50 Debug: Notice (8): Undefined offset:  1 in [APP\views\adaptive_payments\index.ctp, line 61]
2010-05-01 20:12:50 Debug: Notice (8): Undefined offset:  1 in [APP\views\adaptive_payments\index.ctp, line 62]
2010-05-01 20:12:50 Debug: Notice (8): Undefined offset:  1 in [APP\views\adaptive_payments\index.ctp, line 63]
2010-05-01 20:14:04 Debug: Notice (8): Undefined offset:  0 in [APP\views\adaptive_checkouts\testpayment1.ctp, line 39]
2010-05-01 20:14:04 Debug: Notice (8): Undefined offset:  0 in [APP\views\adaptive_checkouts\testpayment1.ctp, line 40]
2010-05-01 20:14:04 Debug: Notice (8): Undefined offset:  0 in [APP\views\adaptive_checkouts\testpayment1.ctp, line 41]
2010-05-01 20:14:04 Debug: Notice (8): Undefined offset:  1 in [APP\views\adaptive_checkouts\testpayment1.ctp, line 43]
2010-05-01 20:14:04 Debug: Notice (8): Undefined offset:  1 in [APP\views\adaptive_checkouts\testpayment1.ctp, line 44]
2010-05-01 20:14:04 Debug: Notice (8): Undefined offset:  1 in [APP\views\adaptive_checkouts\testpayment1.ctp, line 45]
2010-05-01 20:17:12 Debug: Notice (8): Undefined offset:  0 in [APP\views\adaptive_payments\index.ctp, line 57]
2010-05-01 20:17:12 Debug: Notice (8): Undefined offset:  0 in [APP\views\adaptive_payments\index.ctp, line 58]
2010-05-01 20:17:12 Debug: Notice (8): Undefined offset:  0 in [APP\views\adaptive_payments\index.ctp, line 59]
2010-05-01 20:17:12 Debug: Notice (8): Undefined offset:  1 in [APP\views\adaptive_payments\index.ctp, line 61]
2010-05-01 20:17:12 Debug: Notice (8): Undefined offset:  1 in [APP\views\adaptive_payments\index.ctp, line 62]
2010-05-01 20:17:12 Debug: Notice (8): Undefined offset:  1 in [APP\views\adaptive_payments\index.ctp, line 63]
2010-05-01 20:17:53 Debug: Notice (8): Undefined offset:  0 in [APP\views\adaptive_payments\view.ctp, line 105]
2010-05-01 20:17:53 Debug: Notice (8): Undefined offset:  0 in [APP\views\adaptive_payments\view.ctp, line 106]
2010-05-01 20:17:53 Debug: Notice (8): Undefined offset:  0 in [APP\views\adaptive_payments\view.ctp, line 107]
2010-05-01 20:17:53 Debug: Notice (8): Undefined offset:  1 in [APP\views\adaptive_payments\view.ctp, line 109]
2010-05-01 20:17:53 Debug: Notice (8): Undefined offset:  1 in [APP\views\adaptive_payments\view.ctp, line 110]
2010-05-01 20:17:53 Debug: Notice (8): Undefined offset:  1 in [APP\views\adaptive_payments\view.ctp, line 111]
2010-05-02 15:19:29 Debug: Notice (8): Undefined offset:  0 in [APP\views\adaptive_checkouts\testpayment1.ctp, line 39]
2010-05-02 15:19:29 Debug: Notice (8): Undefined offset:  0 in [APP\views\adaptive_checkouts\testpayment1.ctp, line 40]
2010-05-02 15:19:29 Debug: Notice (8): Undefined offset:  0 in [APP\views\adaptive_checkouts\testpayment1.ctp, line 41]
2010-05-02 15:19:29 Debug: Notice (8): Undefined offset:  1 in [APP\views\adaptive_checkouts\testpayment1.ctp, line 43]
2010-05-02 15:19:29 Debug: Notice (8): Undefined offset:  1 in [APP\views\adaptive_checkouts\testpayment1.ctp, line 44]
2010-05-02 15:19:29 Debug: Notice (8): Undefined offset:  1 in [APP\views\adaptive_checkouts\testpayment1.ctp, line 45]
2010-05-02 15:34:06 Debug: Notice (8): Undefined offset:  0 in [APP\views\adaptive_checkouts\testpayment1.ctp, line 39]
2010-05-02 15:34:06 Debug: Notice (8): Undefined offset:  0 in [APP\views\adaptive_checkouts\testpayment1.ctp, line 40]
2010-05-02 15:34:06 Debug: Notice (8): Undefined offset:  0 in [APP\views\adaptive_checkouts\testpayment1.ctp, line 41]
2010-05-02 15:34:06 Debug: Notice (8): Undefined offset:  1 in [APP\views\adaptive_checkouts\testpayment1.ctp, line 43]
2010-05-02 15:34:06 Debug: Notice (8): Undefined offset:  1 in [APP\views\adaptive_checkouts\testpayment1.ctp, line 44]
2010-05-02 15:34:06 Debug: Notice (8): Undefined offset:  1 in [APP\views\adaptive_checkouts\testpayment1.ctp, line 45]
2010-05-02 15:42:32 Debug: Notice (8): Undefined offset:  0 in [APP\views\adaptive_checkouts\testpayment1.ctp, line 39]
2010-05-02 15:42:32 Debug: Notice (8): Undefined offset:  0 in [APP\views\adaptive_checkouts\testpayment1.ctp, line 40]
2010-05-02 15:42:32 Debug: Notice (8): Undefined offset:  0 in [APP\views\adaptive_checkouts\testpayment1.ctp, line 41]
2010-05-02 15:42:32 Debug: Notice (8): Undefined offset:  1 in [APP\views\adaptive_checkouts\testpayment1.ctp, line 43]
2010-05-02 15:42:32 Debug: Notice (8): Undefined offset:  1 in [APP\views\adaptive_checkouts\testpayment1.ctp, line 44]
2010-05-02 15:42:32 Debug: Notice (8): Undefined offset:  1 in [APP\views\adaptive_checkouts\testpayment1.ctp, line 45]
2010-05-02 15:52:18 Debug: Notice (8): Undefined offset:  0 in [APP\views\adaptive_checkouts\testpayment1.ctp, line 39]
2010-05-02 15:52:18 Debug: Notice (8): Undefined offset:  0 in [APP\views\adaptive_checkouts\testpayment1.ctp, line 40]
2010-05-02 15:52:18 Debug: Notice (8): Undefined offset:  0 in [APP\views\adaptive_checkouts\testpayment1.ctp, line 41]
2010-05-02 15:52:18 Debug: Notice (8): Undefined offset:  1 in [APP\views\adaptive_checkouts\testpayment1.ctp, line 43]
2010-05-02 15:52:18 Debug: Notice (8): Undefined offset:  1 in [APP\views\adaptive_checkouts\testpayment1.ctp, line 44]
2010-05-02 15:52:18 Debug: Notice (8): Undefined offset:  1 in [APP\views\adaptive_checkouts\testpayment1.ctp, line 45]
2010-05-02 15:54:24 Debug: Notice (8): Undefined index:  id in [APP\views\adaptive_payments_transactions\index.ctp, line 63]
2010-05-02 15:54:24 Debug: Notice (8): Undefined index:  id in [APP\views\adaptive_payments_transactions\index.ctp, line 64]
2010-05-02 15:54:24 Debug: Notice (8): Undefined index:  id in [APP\views\adaptive_payments_transactions\index.ctp, line 65]
2010-05-02 16:00:48 Debug: Notice (8): Undefined index:  id in [APP\views\adaptive_payments_transactions\index.ctp, line 63]
2010-05-02 16:00:48 Debug: Notice (8): Undefined index:  id in [APP\views\adaptive_payments_transactions\index.ctp, line 64]
2010-05-02 16:00:48 Debug: Notice (8): Undefined index:  id in [APP\views\adaptive_payments_transactions\index.ctp, line 65]
2010-05-02 16:08:23 Debug: Notice (8): Undefined offset:  27 in [APP\controllers\adaptive_payments_controller.php, line 23]
2010-05-02 16:08:23 Debug: Notice (8): Undefined offset:  28 in [APP\vendors\paypal\PaypalAdaptive.php, line 156]
2010-05-02 16:08:23 Debug: Notice (8): Undefined offset:  28 in [APP\vendors\paypal\PaypalAdaptive.php, line 174]
2010-05-02 16:08:23 Debug: Notice (8): Undefined offset:  20 in [APP\vendors\paypal\PaypalAdaptive.php, line 180]
2010-05-02 16:08:23 Debug: Notice (8): Undefined offset:  21 in [APP\vendors\paypal\PaypalAdaptive.php, line 181]
2010-05-02 16:08:23 Debug: Notice (8): Undefined offset:  22 in [APP\vendors\paypal\PaypalAdaptive.php, line 182]
2010-05-02 16:08:23 Debug: Notice (8): Undefined offset:  23 in [APP\vendors\paypal\PaypalAdaptive.php, line 183]
2010-05-02 16:08:23 Debug: Notice (8): Undefined offset:  24 in [APP\vendors\paypal\PaypalAdaptive.php, line 184]
2010-05-02 16:08:24 Debug: Notice (8): Undefined offset:  0 in [APP\views\adaptive_payments\view.ctp, line 105]
2010-05-02 16:08:24 Debug: Notice (8): Undefined offset:  0 in [APP\views\adaptive_payments\view.ctp, line 106]
2010-05-02 16:08:24 Debug: Notice (8): Undefined offset:  0 in [APP\views\adaptive_payments\view.ctp, line 107]
2010-05-02 16:08:24 Debug: Notice (8): Undefined offset:  1 in [APP\views\adaptive_payments\view.ctp, line 109]
2010-05-02 16:08:24 Debug: Notice (8): Undefined offset:  1 in [APP\views\adaptive_payments\view.ctp, line 110]
2010-05-02 16:08:24 Debug: Notice (8): Undefined offset:  1 in [APP\views\adaptive_payments\view.ctp, line 111]
2010-05-02 16:10:51 Debug: Notice (8): Undefined offset:  27 in [APP\controllers\adaptive_payments_controller.php, line 23]
2010-05-02 16:10:51 Debug: Notice (8): Undefined offset:  28 in [APP\vendors\paypal\PaypalAdaptive.php, line 156]
2010-05-02 16:10:51 Debug: Notice (8): Undefined offset:  28 in [APP\vendors\paypal\PaypalAdaptive.php, line 174]
2010-05-02 16:10:51 Debug: Notice (8): Undefined offset:  20 in [APP\vendors\paypal\PaypalAdaptive.php, line 180]
2010-05-02 16:10:51 Debug: Notice (8): Undefined offset:  21 in [APP\vendors\paypal\PaypalAdaptive.php, line 181]
2010-05-02 16:10:51 Debug: Notice (8): Undefined offset:  22 in [APP\vendors\paypal\PaypalAdaptive.php, line 182]
2010-05-02 16:10:51 Debug: Notice (8): Undefined offset:  23 in [APP\vendors\paypal\PaypalAdaptive.php, line 183]
2010-05-02 16:10:51 Debug: Notice (8): Undefined offset:  24 in [APP\vendors\paypal\PaypalAdaptive.php, line 184]
2010-05-02 16:10:51 Debug: Notice (8): Undefined offset:  0 in [APP\views\adaptive_payments\view.ctp, line 105]
2010-05-02 16:10:51 Debug: Notice (8): Undefined offset:  0 in [APP\views\adaptive_payments\view.ctp, line 106]
2010-05-02 16:10:51 Debug: Notice (8): Undefined offset:  0 in [APP\views\adaptive_payments\view.ctp, line 107]
2010-05-02 16:10:51 Debug: Notice (8): Undefined offset:  1 in [APP\views\adaptive_payments\view.ctp, line 109]
2010-05-02 16:10:51 Debug: Notice (8): Undefined offset:  1 in [APP\views\adaptive_payments\view.ctp, line 110]
2010-05-02 16:10:51 Debug: Notice (8): Undefined offset:  1 in [APP\views\adaptive_payments\view.ctp, line 111]
2010-05-02 16:15:25 Debug: Notice (8): Undefined offset:  27 in [APP\controllers\adaptive_payments_controller.php, line 23]
2010-05-02 16:15:25 Debug: Notice (8): Undefined offset:  28 in [APP\vendors\paypal\PaypalAdaptive.php, line 156]
2010-05-02 16:15:25 Debug: Notice (8): Undefined offset:  28 in [APP\vendors\paypal\PaypalAdaptive.php, line 174]
2010-05-02 16:15:25 Debug: Notice (8): Undefined offset:  20 in [APP\vendors\paypal\PaypalAdaptive.php, line 180]
2010-05-02 16:15:25 Debug: Notice (8): Undefined offset:  21 in [APP\vendors\paypal\PaypalAdaptive.php, line 181]
2010-05-02 16:15:25 Debug: Notice (8): Undefined offset:  22 in [APP\vendors\paypal\PaypalAdaptive.php, line 182]
2010-05-02 16:15:25 Debug: Notice (8): Undefined offset:  23 in [APP\vendors\paypal\PaypalAdaptive.php, line 183]
2010-05-02 16:15:25 Debug: Notice (8): Undefined offset:  24 in [APP\vendors\paypal\PaypalAdaptive.php, line 184]
2010-05-02 16:15:25 Debug: Notice (8): Undefined offset:  0 in [APP\views\adaptive_payments\view.ctp, line 105]
2010-05-02 16:15:25 Debug: Notice (8): Undefined offset:  0 in [APP\views\adaptive_payments\view.ctp, line 106]
2010-05-02 16:15:25 Debug: Notice (8): Undefined offset:  0 in [APP\views\adaptive_payments\view.ctp, line 107]
2010-05-02 16:15:25 Debug: Notice (8): Undefined offset:  1 in [APP\views\adaptive_payments\view.ctp, line 109]
2010-05-02 16:15:25 Debug: Notice (8): Undefined offset:  1 in [APP\views\adaptive_payments\view.ctp, line 110]
2010-05-02 16:15:25 Debug: Notice (8): Undefined offset:  1 in [APP\views\adaptive_payments\view.ctp, line 111]
2010-05-02 16:26:33 Debug: Notice (8): Undefined offset:  27 in [APP\controllers\adaptive_payments_controller.php, line 23]
2010-05-02 16:26:33 Debug: Notice (8): Undefined offset:  28 in [APP\vendors\paypal\PaypalAdaptive.php, line 156]
2010-05-02 16:26:33 Debug: Notice (8): Undefined offset:  28 in [APP\vendors\paypal\PaypalAdaptive.php, line 174]
2010-05-02 16:26:33 Debug: Notice (8): Undefined offset:  20 in [APP\vendors\paypal\PaypalAdaptive.php, line 180]
2010-05-02 16:26:33 Debug: Notice (8): Undefined offset:  21 in [APP\vendors\paypal\PaypalAdaptive.php, line 181]
2010-05-02 16:26:33 Debug: Notice (8): Undefined offset:  22 in [APP\vendors\paypal\PaypalAdaptive.php, line 182]
2010-05-02 16:26:33 Debug: Notice (8): Undefined offset:  23 in [APP\vendors\paypal\PaypalAdaptive.php, line 183]
2010-05-02 16:26:33 Debug: Notice (8): Undefined offset:  24 in [APP\vendors\paypal\PaypalAdaptive.php, line 184]
2010-05-02 16:26:33 Debug: Notice (8): Undefined offset:  0 in [APP\views\adaptive_payments\view.ctp, line 105]
2010-05-02 16:26:33 Debug: Notice (8): Undefined offset:  0 in [APP\views\adaptive_payments\view.ctp, line 106]
2010-05-02 16:26:33 Debug: Notice (8): Undefined offset:  0 in [APP\views\adaptive_payments\view.ctp, line 107]
2010-05-02 16:26:33 Debug: Notice (8): Undefined offset:  1 in [APP\views\adaptive_payments\view.ctp, line 109]
2010-05-02 16:26:33 Debug: Notice (8): Undefined offset:  1 in [APP\views\adaptive_payments\view.ctp, line 110]
2010-05-02 16:26:33 Debug: Notice (8): Undefined offset:  1 in [APP\views\adaptive_payments\view.ctp, line 111]
2010-05-02 17:11:32 Debug: Notice (8): Undefined property: Configure::$base in [APP\config\config.php, line 2]
2010-05-02 17:23:43 Debug: Notice (8): Undefined variable: installPath in [APP\vendors\paypal\PaypalAdaptive.php, line 32]
2010-05-02 17:23:43 Debug: Notice (8): Undefined property: PaypalAdaptiveComponent::$base in [APP\controllers\components\paypal_adaptive.php, line 9]
2010-05-02 17:23:43 Debug: Notice (8): Undefined property: PaypalAdaptiveComponent::$base in [APP\controllers\components\paypal_adaptive.php, line 10]
2010-05-02 17:26:22 Debug: Notice (8): Undefined variable: installPath in [APP\vendors\paypal\PaypalAdaptive.php, line 32]
2010-05-02 17:26:22 Debug: Notice (8): Undefined property: PaypalAdaptiveComponent::$base in [APP\controllers\components\paypal_adaptive.php, line 9]
2010-05-02 17:31:17 Debug: Notice (8): Undefined variable: installPath in [APP\vendors\paypal\PaypalAdaptive.php, line 32]
2010-05-02 18:13:20 Debug: Notice (8): Undefined variable: content in [APP\vendors\paypal\PaypalAdaptive.php, line 40]
2010-05-02 18:31:39 Debug: Notice (8): Undefined property: Paypal::$setting_values in [APP\vendors\paypal\PaypalAdaptive.php, line 71]
2010-05-02 18:32:50 Debug: Notice (8): Undefined property: Paypal::$setting_values in [APP\vendors\paypal\PaypalAdaptive.php, line 71]
2010-05-02 18:33:38 Debug: Notice (8): Undefined property: Paypal::$setting_values in [APP\vendors\paypal\PaypalAdaptive.php, line 71]
2010-05-02 18:34:00 Debug: Notice (8): Undefined property: Paypal::$setting_values in [APP\vendors\paypal\PaypalAdaptive.php, line 71]
2010-05-02 18:34:55 Debug: Notice (8): Undefined property: Paypal::$setting_values in [APP\vendors\paypal\PaypalAdaptive.php, line 71]
2010-05-02 18:35:21 Debug: Notice (8): Undefined property: Paypal::$setting_values in [APP\vendors\paypal\PaypalAdaptive.php, line 71]
2010-05-02 18:35:21 Debug: Notice (8): Undefined property: Paypal::$marc in [APP\vendors\paypal\PaypalAdaptive.php, line 74]
2010-05-02 18:47:15 Debug: Notice (8): Undefined index:  id in [APP\views\adaptive_payments_transactions\index.ctp, line 63]
2010-05-02 18:47:15 Debug: Notice (8): Undefined index:  id in [APP\views\adaptive_payments_transactions\index.ctp, line 64]
2010-05-02 18:47:15 Debug: Notice (8): Undefined index:  id in [APP\views\adaptive_payments_transactions\index.ctp, line 65]
2010-05-02 18:47:35 Debug: Notice (8): Undefined index:  id in [APP\views\adaptive_payments_transactions\index.ctp, line 63]
2010-05-02 18:47:35 Debug: Notice (8): Undefined index:  id in [APP\views\adaptive_payments_transactions\index.ctp, line 64]
2010-05-02 18:47:35 Debug: Notice (8): Undefined index:  id in [APP\views\adaptive_payments_transactions\index.ctp, line 65]
2010-05-02 18:48:45 Debug: Notice (8): Undefined index:  id in [APP\views\adaptive_payments_transactions\index.ctp, line 63]
2010-05-02 18:48:45 Debug: Notice (8): Undefined index:  id in [APP\views\adaptive_payments_transactions\index.ctp, line 64]
2010-05-02 18:48:45 Debug: Notice (8): Undefined index:  id in [APP\views\adaptive_payments_transactions\index.ctp, line 65]
2010-05-02 18:56:10 Debug: Notice (8): Undefined index:  id in [APP\views\adaptive_payments_transactions\index.ctp, line 63]
2010-05-02 18:56:10 Debug: Notice (8): Undefined index:  id in [APP\views\adaptive_payments_transactions\index.ctp, line 64]
2010-05-02 18:56:10 Debug: Notice (8): Undefined index:  id in [APP\views\adaptive_payments_transactions\index.ctp, line 65]
2010-05-02 18:59:37 Debug: Notice (8): Undefined index:  id in [APP\views\adaptive_payments_transactions\index.ctp, line 63]
2010-05-02 18:59:37 Debug: Notice (8): Undefined index:  id in [APP\views\adaptive_payments_transactions\index.ctp, line 64]
2010-05-02 18:59:37 Debug: Notice (8): Undefined index:  id in [APP\views\adaptive_payments_transactions\index.ctp, line 65]
2010-05-02 19:00:59 Debug: Notice (8): Undefined index:  id in [APP\views\adaptive_payments_transactions\index.ctp, line 64]
2010-05-02 19:00:59 Debug: Notice (8): Undefined index:  id in [APP\views\adaptive_payments_transactions\index.ctp, line 65]
2010-05-02 19:00:59 Debug: Notice (8): Undefined index:  id in [APP\views\adaptive_payments_transactions\index.ctp, line 66]
2010-05-02 19:02:59 Debug: Notice (8): Undefined index:  id in [APP\views\adaptive_payments_transactions\index.ctp, line 64]
2010-05-02 19:02:59 Debug: Notice (8): Undefined index:  id in [APP\views\adaptive_payments_transactions\index.ctp, line 65]
2010-05-02 19:02:59 Debug: Notice (8): Undefined index:  id in [APP\views\adaptive_payments_transactions\index.ctp, line 66]
2010-05-02 19:36:38 Debug: Notice (8): Undefined index:  id in [APP\views\adaptive_payments_transactions\index.ctp, line 64]
2010-05-02 19:36:38 Debug: Notice (8): Undefined index:  id in [APP\views\adaptive_payments_transactions\index.ctp, line 65]
2010-05-02 19:36:38 Debug: Notice (8): Undefined index:  id in [APP\views\adaptive_payments_transactions\index.ctp, line 66]
2010-05-02 20:41:02 Debug: Notice (8): Undefined index:  punjabi in [APP\vendors\paypal\PaypalAdaptive.php, line 220]
2010-05-02 20:55:34 Debug: Notice (8): Undefined offset:  0 in [APP\views\adaptive_payments\index.ctp, line 57]
2010-05-02 20:55:34 Debug: Notice (8): Undefined offset:  0 in [APP\views\adaptive_payments\index.ctp, line 58]
2010-05-02 20:55:34 Debug: Notice (8): Undefined offset:  0 in [APP\views\adaptive_payments\index.ctp, line 59]
2010-05-02 20:55:34 Debug: Notice (8): Undefined offset:  1 in [APP\views\adaptive_payments\index.ctp, line 61]
2010-05-02 20:55:34 Debug: Notice (8): Undefined offset:  1 in [APP\views\adaptive_payments\index.ctp, line 62]
2010-05-02 20:55:34 Debug: Notice (8): Undefined offset:  1 in [APP\views\adaptive_payments\index.ctp, line 63]
2010-05-02 20:55:40 Debug: Notice (8): Undefined offset:  0 in [APP\views\adaptive_payments\index.ctp, line 57]
2010-05-02 20:55:40 Debug: Notice (8): Undefined offset:  0 in [APP\views\adaptive_payments\index.ctp, line 58]
2010-05-02 20:55:40 Debug: Notice (8): Undefined offset:  0 in [APP\views\adaptive_payments\index.ctp, line 59]
2010-05-02 20:55:40 Debug: Notice (8): Undefined offset:  1 in [APP\views\adaptive_payments\index.ctp, line 61]
2010-05-02 20:55:40 Debug: Notice (8): Undefined offset:  1 in [APP\views\adaptive_payments\index.ctp, line 62]
2010-05-02 20:55:40 Debug: Notice (8): Undefined offset:  1 in [APP\views\adaptive_payments\index.ctp, line 63]
2010-05-02 21:00:39 Debug: Notice (8): Undefined offset:  27 in [APP\controllers\adaptive_payments_controller.php, line 25]
2010-05-02 21:00:39 Debug: Notice (8): Undefined offset:  28 in [APP\vendors\paypal\PaypalAdaptive.php, line 175]
2010-05-02 21:00:39 Debug: Notice (8): Undefined offset:  28 in [APP\vendors\paypal\PaypalAdaptive.php, line 193]
2010-05-02 21:00:39 Debug: Notice (8): Undefined offset:  20 in [APP\vendors\paypal\PaypalAdaptive.php, line 199]
2010-05-02 21:00:39 Debug: Notice (8): Undefined offset:  21 in [APP\vendors\paypal\PaypalAdaptive.php, line 200]
2010-05-02 21:00:39 Debug: Notice (8): Undefined offset:  22 in [APP\vendors\paypal\PaypalAdaptive.php, line 201]
2010-05-02 21:00:39 Debug: Notice (8): Undefined offset:  23 in [APP\vendors\paypal\PaypalAdaptive.php, line 202]
2010-05-02 21:00:39 Debug: Notice (8): Undefined offset:  24 in [APP\vendors\paypal\PaypalAdaptive.php, line 203]
2010-05-02 21:00:39 Debug: Notice (8): Undefined offset:  0 in [APP\views\adaptive_payments\view.ctp, line 105]
2010-05-02 21:00:39 Debug: Notice (8): Undefined offset:  0 in [APP\views\adaptive_payments\view.ctp, line 106]
2010-05-02 21:00:39 Debug: Notice (8): Undefined offset:  0 in [APP\views\adaptive_payments\view.ctp, line 107]
2010-05-02 21:00:39 Debug: Notice (8): Undefined offset:  1 in [APP\views\adaptive_payments\view.ctp, line 109]
2010-05-02 21:00:39 Debug: Notice (8): Undefined offset:  1 in [APP\views\adaptive_payments\view.ctp, line 110]
2010-05-02 21:00:39 Debug: Notice (8): Undefined offset:  1 in [APP\views\adaptive_payments\view.ctp, line 111]
2010-05-04 19:49:00 Debug: Notice (8): Undefined offset: 28 in [APP\vendors\paypal\PaypalAdaptive.php, line 175]
2010-05-04 19:49:00 Debug: Notice (8): Undefined offset: 28 in [APP\vendors\paypal\PaypalAdaptive.php, line 193]
2010-05-04 19:49:00 Debug: Notice (8): Undefined offset: 20 in [APP\vendors\paypal\PaypalAdaptive.php, line 199]
2010-05-04 19:49:00 Debug: Notice (8): Undefined offset: 21 in [APP\vendors\paypal\PaypalAdaptive.php, line 200]
2010-05-04 19:49:00 Debug: Notice (8): Undefined offset: 22 in [APP\vendors\paypal\PaypalAdaptive.php, line 201]
2010-05-04 19:49:00 Debug: Notice (8): Undefined offset: 23 in [APP\vendors\paypal\PaypalAdaptive.php, line 202]
2010-05-04 19:49:00 Debug: Notice (8): Undefined offset: 24 in [APP\vendors\paypal\PaypalAdaptive.php, line 203]
2010-05-04 19:50:27 Debug: Notice (8): Undefined offset: 28 in [APP\vendors\paypal\PaypalAdaptive.php, line 175]
2010-05-04 19:50:27 Debug: Notice (8): Undefined offset: 28 in [APP\vendors\paypal\PaypalAdaptive.php, line 193]
2010-05-04 19:50:27 Debug: Notice (8): Undefined offset: 20 in [APP\vendors\paypal\PaypalAdaptive.php, line 199]
2010-05-04 19:50:27 Debug: Notice (8): Undefined offset: 21 in [APP\vendors\paypal\PaypalAdaptive.php, line 200]
2010-05-04 19:50:27 Debug: Notice (8): Undefined offset: 22 in [APP\vendors\paypal\PaypalAdaptive.php, line 201]
2010-05-04 19:50:27 Debug: Notice (8): Undefined offset: 23 in [APP\vendors\paypal\PaypalAdaptive.php, line 202]
2010-05-04 19:50:27 Debug: Notice (8): Undefined offset: 24 in [APP\vendors\paypal\PaypalAdaptive.php, line 203]
2010-05-04 19:52:59 Debug: Notice (8): Undefined offset: 20 in [APP\vendors\paypal\PaypalAdaptive.php, line 199]
2010-05-04 19:52:59 Debug: Notice (8): Undefined offset: 21 in [APP\vendors\paypal\PaypalAdaptive.php, line 200]
2010-05-04 19:52:59 Debug: Notice (8): Undefined offset: 22 in [APP\vendors\paypal\PaypalAdaptive.php, line 201]
2010-05-04 19:52:59 Debug: Notice (8): Undefined offset: 23 in [APP\vendors\paypal\PaypalAdaptive.php, line 202]
2010-05-04 19:52:59 Debug: Notice (8): Undefined offset: 24 in [APP\vendors\paypal\PaypalAdaptive.php, line 203]
2010-05-04 20:10:00 Debug: Notice (8): Undefined offset: 1 in [APP\views\adaptive_payments\view.ctp, line 109]
2010-05-04 20:10:00 Debug: Notice (8): Undefined offset: 1 in [APP\views\adaptive_payments\view.ctp, line 110]
2010-05-04 20:10:00 Debug: Notice (8): Undefined offset: 1 in [APP\views\adaptive_payments\view.ctp, line 111]
2010-05-04 20:11:16 Debug: Notice (8): Undefined offset: 1 in [APP\views\adaptive_payments\view.ctp, line 97]
2010-05-04 20:11:16 Debug: Notice (8): Undefined offset: 1 in [APP\views\adaptive_payments\view.ctp, line 109]
2010-05-04 20:11:16 Debug: Notice (8): Undefined offset: 1 in [APP\views\adaptive_payments\view.ctp, line 110]
2010-05-04 20:11:16 Debug: Notice (8): Undefined offset: 1 in [APP\views\adaptive_payments\view.ctp, line 111]
2010-05-04 20:11:42 Debug: Notice (8): Undefined offset: 1 in [APP\views\adaptive_payments\view.ctp, line 109]
2010-05-04 20:11:42 Debug: Notice (8): Undefined offset: 1 in [APP\views\adaptive_payments\view.ctp, line 110]
2010-05-04 20:11:42 Debug: Notice (8): Undefined offset: 1 in [APP\views\adaptive_payments\view.ctp, line 111]
2010-05-04 20:25:21 Debug: Notice (8): Undefined offset: 1 in [APP\views\adaptive_checkouts\testpayment1.ctp, line 43]
2010-05-04 20:25:21 Debug: Notice (8): Undefined offset: 1 in [APP\views\adaptive_checkouts\testpayment1.ctp, line 44]
2010-05-04 20:25:21 Debug: Notice (8): Undefined offset: 1 in [APP\views\adaptive_checkouts\testpayment1.ctp, line 45]
2010-05-04 20:25:22 Debug: Notice (8): Undefined offset: 1 in [APP\views\adaptive_checkouts\testpayment1.ctp, line 43]
2010-05-04 20:25:22 Debug: Notice (8): Undefined offset: 1 in [APP\views\adaptive_checkouts\testpayment1.ctp, line 44]
2010-05-04 20:25:22 Debug: Notice (8): Undefined offset: 1 in [APP\views\adaptive_checkouts\testpayment1.ctp, line 45]
2010-05-04 20:27:26 Debug: Notice (8): Undefined offset: 1 in [APP\views\adaptive_payments\index.ctp, line 61]
2010-05-04 20:27:26 Debug: Notice (8): Undefined offset: 1 in [APP\views\adaptive_payments\index.ctp, line 62]
2010-05-04 20:27:26 Debug: Notice (8): Undefined offset: 1 in [APP\views\adaptive_payments\index.ctp, line 63]
2010-05-04 20:33:00 Debug: Notice (8): Undefined offset: 0 in [APP\views\adaptive_payments\index.ctp, line 57]
2010-05-04 20:33:00 Debug: Notice (8): Undefined offset: 0 in [APP\views\adaptive_payments\index.ctp, line 58]
2010-05-04 20:33:00 Debug: Notice (8): Undefined offset: 0 in [APP\views\adaptive_payments\index.ctp, line 59]
2010-05-04 20:33:00 Debug: Notice (8): Undefined offset: 1 in [APP\views\adaptive_payments\index.ctp, line 61]
2010-05-04 20:33:00 Debug: Notice (8): Undefined offset: 1 in [APP\views\adaptive_payments\index.ctp, line 62]
2010-05-04 20:33:00 Debug: Notice (8): Undefined offset: 1 in [APP\views\adaptive_payments\index.ctp, line 63]
2010-05-04 20:34:07 Debug: Notice (8): Undefined offset: 1 in [APP\views\adaptive_payments\index.ctp, line 61]
2010-05-04 20:34:07 Debug: Notice (8): Undefined offset: 1 in [APP\views\adaptive_payments\index.ctp, line 62]
2010-05-04 20:34:07 Debug: Notice (8): Undefined offset: 1 in [APP\views\adaptive_payments\index.ctp, line 63]
2010-05-04 21:39:04 Debug: Notice (8): Undefined offset: 1 in [APP\views\adaptive_checkouts\testpayment1.ctp, line 43]
2010-05-04 21:39:04 Debug: Notice (8): Undefined offset: 1 in [APP\views\adaptive_checkouts\testpayment1.ctp, line 44]
2010-05-04 21:39:04 Debug: Notice (8): Undefined offset: 1 in [APP\views\adaptive_checkouts\testpayment1.ctp, line 45]
2010-05-04 21:58:29 Debug: Notice (8): Undefined offset: 1 in [APP\views\adaptive_checkouts\testpayment1.ctp, line 43]
2010-05-04 21:58:29 Debug: Notice (8): Undefined offset: 1 in [APP\views\adaptive_checkouts\testpayment1.ctp, line 44]
2010-05-04 21:58:29 Debug: Notice (8): Undefined offset: 1 in [APP\views\adaptive_checkouts\testpayment1.ctp, line 45]
2010-05-04 22:05:28 Debug: Notice (8): Undefined offset: 1 in [APP\views\adaptive_checkouts\testpayment1.ctp, line 43]
2010-05-04 22:05:28 Debug: Notice (8): Undefined offset: 1 in [APP\views\adaptive_checkouts\testpayment1.ctp, line 44]
2010-05-04 22:05:28 Debug: Notice (8): Undefined offset: 1 in [APP\views\adaptive_checkouts\testpayment1.ctp, line 45]
2010-05-04 22:58:05 Debug: Notice (8): Undefined offset: 1 in [APP\views\adaptive_payments\index.ctp, line 61]
2010-05-04 22:58:05 Debug: Notice (8): Undefined offset: 1 in [APP\views\adaptive_payments\index.ctp, line 62]
2010-05-04 22:58:05 Debug: Notice (8): Undefined offset: 1 in [APP\views\adaptive_payments\index.ctp, line 63]
2010-05-04 22:58:05 Debug: Notice (8): Undefined offset: 0 in [APP\views\adaptive_payments\index.ctp, line 57]
2010-05-04 22:58:05 Debug: Notice (8): Undefined offset: 0 in [APP\views\adaptive_payments\index.ctp, line 58]
2010-05-04 22:58:05 Debug: Notice (8): Undefined offset: 0 in [APP\views\adaptive_payments\index.ctp, line 59]
2010-05-04 23:00:37 Debug: Notice (8): Undefined offset: 15 in [APP\controllers\adaptive_payments_controller.php, line 25]
2010-05-04 23:00:45 Debug: Notice (8): Undefined offset: 1 in [APP\views\adaptive_payments\index.ctp, line 61]
2010-05-04 23:00:45 Debug: Notice (8): Undefined offset: 1 in [APP\views\adaptive_payments\index.ctp, line 62]
2010-05-04 23:00:46 Debug: Notice (8): Undefined offset: 1 in [APP\views\adaptive_payments\index.ctp, line 63]
2010-05-04 23:00:46 Debug: Notice (8): Undefined offset: 0 in [APP\views\adaptive_payments\index.ctp, line 57]
2010-05-04 23:00:46 Debug: Notice (8): Undefined offset: 0 in [APP\views\adaptive_payments\index.ctp, line 58]
2010-05-04 23:00:46 Debug: Notice (8): Undefined offset: 0 in [APP\views\adaptive_payments\index.ctp, line 59]
2010-05-04 23:02:34 Debug: Notice (8): Undefined offset: 1 in [APP\views\adaptive_payments\index.ctp, line 61]
2010-05-04 23:02:34 Debug: Notice (8): Undefined offset: 1 in [APP\views\adaptive_payments\index.ctp, line 61]
2010-05-04 23:02:34 Debug: Notice (8): Undefined offset: 1 in [APP\views\adaptive_payments\index.ctp, line 62]
2010-05-04 23:02:34 Debug: Notice (8): Undefined offset: 1 in [APP\views\adaptive_payments\index.ctp, line 62]
2010-05-04 23:02:34 Debug: Notice (8): Undefined offset: 1 in [APP\views\adaptive_payments\index.ctp, line 63]
2010-05-04 23:02:34 Debug: Notice (8): Undefined offset: 1 in [APP\views\adaptive_payments\index.ctp, line 63]
2010-05-04 23:02:34 Debug: Notice (8): Undefined offset: 0 in [APP\views\adaptive_payments\index.ctp, line 57]
2010-05-04 23:02:34 Debug: Notice (8): Undefined offset: 0 in [APP\views\adaptive_payments\index.ctp, line 57]
2010-05-04 23:02:34 Debug: Notice (8): Undefined offset: 0 in [APP\views\adaptive_payments\index.ctp, line 58]
2010-05-04 23:02:34 Debug: Notice (8): Undefined offset: 0 in [APP\views\adaptive_payments\index.ctp, line 59]
2010-05-04 23:02:34 Debug: Notice (8): Undefined offset: 0 in [APP\views\adaptive_payments\index.ctp, line 58]
2010-05-04 23:02:34 Debug: Notice (8): Undefined offset: 0 in [APP\views\adaptive_payments\index.ctp, line 59]
2010-05-04 23:03:17 Debug: Notice (8): Undefined offset: 1 in [APP\views\adaptive_payments\index.ctp, line 61]
2010-05-04 23:03:17 Debug: Notice (8): Undefined offset: 1 in [APP\views\adaptive_payments\index.ctp, line 62]
2010-05-04 23:03:17 Debug: Notice (8): Undefined offset: 1 in [APP\views\adaptive_payments\index.ctp, line 63]
2010-05-04 23:03:17 Debug: Notice (8): Undefined offset: 0 in [APP\views\adaptive_payments\index.ctp, line 57]
2010-05-04 23:03:17 Debug: Notice (8): Undefined offset: 0 in [APP\views\adaptive_payments\index.ctp, line 58]
2010-05-04 23:03:17 Debug: Notice (8): Undefined offset: 0 in [APP\views\adaptive_payments\index.ctp, line 59]
2010-05-04 23:04:12 Debug: Notice (8): Undefined offset: 1 in [APP\views\adaptive_payments\index.ctp, line 61]
2010-05-04 23:04:12 Debug: Notice (8): Undefined offset: 1 in [APP\views\adaptive_payments\index.ctp, line 62]
2010-05-04 23:04:12 Debug: Notice (8): Undefined offset: 1 in [APP\views\adaptive_payments\index.ctp, line 63]
2010-05-04 23:04:12 Debug: Notice (8): Undefined offset: 0 in [APP\views\adaptive_payments\index.ctp, line 57]
2010-05-04 23:04:12 Debug: Notice (8): Undefined offset: 0 in [APP\views\adaptive_payments\index.ctp, line 58]
2010-05-04 23:04:12 Debug: Notice (8): Undefined offset: 0 in [APP\views\adaptive_payments\index.ctp, line 59]
2010-05-04 23:06:08 Debug: Notice (8): Undefined offset: 28 in [APP\vendors\paypal\PaypalAdaptive.php, line 211]
2010-05-04 23:06:08 Debug: Notice (8): Undefined offset: 28 in [APP\vendors\paypal\PaypalAdaptive.php, line 229]
2010-05-04 23:06:08 Debug: Notice (8): Undefined offset: 20 in [APP\vendors\paypal\PaypalAdaptive.php, line 235]
2010-05-04 23:06:08 Debug: Notice (8): Undefined offset: 21 in [APP\vendors\paypal\PaypalAdaptive.php, line 236]
2010-05-04 23:06:08 Debug: Notice (8): Undefined offset: 22 in [APP\vendors\paypal\PaypalAdaptive.php, line 237]
2010-05-04 23:06:08 Debug: Notice (8): Undefined offset: 23 in [APP\vendors\paypal\PaypalAdaptive.php, line 238]
2010-05-04 23:06:08 Debug: Notice (8): Undefined offset: 24 in [APP\vendors\paypal\PaypalAdaptive.php, line 239]
2010-05-05 00:14:35 Debug: Notice (8): Undefined offset: 1 in [APP\views\adaptive_checkouts\testpayment1.ctp, line 43]
2010-05-05 00:14:35 Debug: Notice (8): Undefined offset: 1 in [APP\views\adaptive_checkouts\testpayment1.ctp, line 44]
2010-05-05 00:14:35 Debug: Notice (8): Undefined offset: 1 in [APP\views\adaptive_checkouts\testpayment1.ctp, line 45]
2010-05-05 00:14:49 Debug: Notice (8): Undefined offset: 1 in [APP\views\adaptive_payments\index.ctp, line 61]
2010-05-05 00:14:49 Debug: Notice (8): Undefined offset: 1 in [APP\views\adaptive_payments\index.ctp, line 62]
2010-05-05 00:14:49 Debug: Notice (8): Undefined offset: 1 in [APP\views\adaptive_payments\index.ctp, line 63]
2010-05-05 00:22:01 Debug: Notice (8): Undefined offset: 0 in [APP\views\adaptive_payments\index.ctp, line 57]
2010-05-05 00:22:01 Debug: Notice (8): Undefined offset: 0 in [APP\views\adaptive_payments\index.ctp, line 58]
2010-05-05 00:22:01 Debug: Notice (8): Undefined offset: 0 in [APP\views\adaptive_payments\index.ctp, line 59]
2010-05-05 00:22:01 Debug: Notice (8): Undefined offset: 1 in [APP\views\adaptive_payments\index.ctp, line 61]
2010-05-05 00:22:01 Debug: Notice (8): Undefined offset: 1 in [APP\views\adaptive_payments\index.ctp, line 62]
2010-05-05 00:22:01 Debug: Notice (8): Undefined offset: 1 in [APP\views\adaptive_payments\index.ctp, line 63]
2010-05-05 00:22:06 Debug: Notice (8): Undefined offset: 0 in [APP\views\adaptive_payments\index.ctp, line 57]
2010-05-05 00:22:06 Debug: Notice (8): Undefined offset: 0 in [APP\views\adaptive_payments\index.ctp, line 58]
2010-05-05 00:22:06 Debug: Notice (8): Undefined offset: 0 in [APP\views\adaptive_payments\index.ctp, line 59]
2010-05-05 00:22:06 Debug: Notice (8): Undefined offset: 1 in [APP\views\adaptive_payments\index.ctp, line 61]
2010-05-05 00:22:06 Debug: Notice (8): Undefined offset: 1 in [APP\views\adaptive_payments\index.ctp, line 62]
2010-05-05 00:22:06 Debug: Notice (8): Undefined offset: 1 in [APP\views\adaptive_payments\index.ctp, line 63]
2010-05-05 00:28:48 Debug: Notice (8): Undefined offset: 0 in [APP\views\adaptive_payments\index.ctp, line 57]
2010-05-05 00:28:48 Debug: Notice (8): Undefined offset: 0 in [APP\views\adaptive_payments\index.ctp, line 58]
2010-05-05 00:28:48 Debug: Notice (8): Undefined offset: 0 in [APP\views\adaptive_payments\index.ctp, line 59]
2010-05-05 00:28:48 Debug: Notice (8): Undefined offset: 1 in [APP\views\adaptive_payments\index.ctp, line 61]
2010-05-05 00:28:48 Debug: Notice (8): Undefined offset: 1 in [APP\views\adaptive_payments\index.ctp, line 62]
2010-05-05 00:28:48 Debug: Notice (8): Undefined offset: 1 in [APP\views\adaptive_payments\index.ctp, line 63]
2010-05-05 00:30:13 Debug: Notice (8): Undefined offset: 0 in [APP\views\adaptive_payments\index.ctp, line 57]
2010-05-05 00:30:14 Debug: Notice (8): Undefined offset: 0 in [APP\views\adaptive_payments\index.ctp, line 58]
2010-05-05 00:30:14 Debug: Notice (8): Undefined offset: 0 in [APP\views\adaptive_payments\index.ctp, line 59]
2010-05-05 00:30:14 Debug: Notice (8): Undefined offset: 1 in [APP\views\adaptive_payments\index.ctp, line 61]
2010-05-05 00:30:14 Debug: Notice (8): Undefined offset: 1 in [APP\views\adaptive_payments\index.ctp, line 62]
2010-05-05 00:30:14 Debug: Notice (8): Undefined offset: 1 in [APP\views\adaptive_payments\index.ctp, line 63]
2010-05-05 00:30:39 Debug: Notice (8): Undefined offset: 0 in [APP\controllers\adaptive_payments_controller.php, line 32]
2010-05-05 00:30:39 Debug: Notice (8): Undefined offset: 1 in [APP\controllers\adaptive_payments_controller.php, line 36]
2010-05-05 00:30:39 Debug: Notice (8): Undefined offset: 0 in [APP\views\adaptive_payments\view.ctp, line 105]
2010-05-05 00:30:39 Debug: Notice (8): Undefined offset: 0 in [APP\views\adaptive_payments\view.ctp, line 106]
2010-05-05 00:30:39 Debug: Notice (8): Undefined offset: 0 in [APP\views\adaptive_payments\view.ctp, line 107]
2010-05-05 00:30:39 Debug: Notice (8): Undefined offset: 1 in [APP\views\adaptive_payments\view.ctp, line 109]
2010-05-05 00:30:39 Debug: Notice (8): Undefined offset: 1 in [APP\views\adaptive_payments\view.ctp, line 110]
2010-05-05 00:30:39 Debug: Notice (8): Undefined offset: 1 in [APP\views\adaptive_payments\view.ctp, line 111]
2010-05-05 00:32:45 Debug: Notice (8): Undefined offset: 0 in [APP\views\adaptive_payments\index.ctp, line 57]
2010-05-05 00:32:45 Debug: Notice (8): Undefined offset: 0 in [APP\views\adaptive_payments\index.ctp, line 58]
2010-05-05 00:32:45 Debug: Notice (8): Undefined offset: 0 in [APP\views\adaptive_payments\index.ctp, line 59]
2010-05-05 00:32:45 Debug: Notice (8): Undefined offset: 1 in [APP\views\adaptive_payments\index.ctp, line 61]
2010-05-05 00:32:45 Debug: Notice (8): Undefined offset: 1 in [APP\views\adaptive_payments\index.ctp, line 62]
2010-05-05 00:32:46 Debug: Notice (8): Undefined offset: 1 in [APP\views\adaptive_payments\index.ctp, line 63]
2010-05-05 00:34:18 Debug: Notice (8): Undefined offset: 0 in [APP\views\adaptive_payments\index.ctp, line 57]
2010-05-05 00:34:18 Debug: Notice (8): Undefined offset: 0 in [APP\views\adaptive_payments\index.ctp, line 58]
2010-05-05 00:34:18 Debug: Notice (8): Undefined offset: 0 in [APP\views\adaptive_payments\index.ctp, line 59]
2010-05-05 00:34:18 Debug: Notice (8): Undefined offset: 1 in [APP\views\adaptive_payments\index.ctp, line 61]
2010-05-05 00:34:18 Debug: Notice (8): Undefined offset: 1 in [APP\views\adaptive_payments\index.ctp, line 62]
2010-05-05 00:34:18 Debug: Notice (8): Undefined offset: 1 in [APP\views\adaptive_payments\index.ctp, line 63]
2010-05-05 00:34:58 Debug: Notice (8): Undefined offset: 0 in [APP\views\adaptive_payments\index.ctp, line 57]
2010-05-05 00:34:58 Debug: Notice (8): Undefined offset: 0 in [APP\views\adaptive_payments\index.ctp, line 58]
2010-05-05 00:34:58 Debug: Notice (8): Undefined offset: 0 in [APP\views\adaptive_payments\index.ctp, line 59]
2010-05-05 00:34:58 Debug: Notice (8): Undefined offset: 1 in [APP\views\adaptive_payments\index.ctp, line 61]
2010-05-05 00:34:58 Debug: Notice (8): Undefined offset: 1 in [APP\views\adaptive_payments\index.ctp, line 62]
2010-05-05 00:34:58 Debug: Notice (8): Undefined offset: 1 in [APP\views\adaptive_payments\index.ctp, line 63]
2010-05-05 00:36:32 Debug: Notice (8): Undefined offset: 0 in [APP\views\adaptive_payments\index.ctp, line 57]
2010-05-05 00:36:32 Debug: Notice (8): Undefined offset: 0 in [APP\views\adaptive_payments\index.ctp, line 58]
2010-05-05 00:36:32 Debug: Notice (8): Undefined offset: 0 in [APP\views\adaptive_payments\index.ctp, line 59]
2010-05-05 00:36:32 Debug: Notice (8): Undefined offset: 1 in [APP\views\adaptive_payments\index.ctp, line 61]
2010-05-05 00:36:32 Debug: Notice (8): Undefined offset: 1 in [APP\views\adaptive_payments\index.ctp, line 62]
2010-05-05 00:36:32 Debug: Notice (8): Undefined offset: 1 in [APP\views\adaptive_payments\index.ctp, line 63]
2010-05-05 00:36:53 Debug: Notice (8): Undefined offset: 0 in [APP\views\adaptive_payments\index.ctp, line 57]
2010-05-05 00:36:53 Debug: Notice (8): Undefined offset: 0 in [APP\views\adaptive_payments\index.ctp, line 58]
2010-05-05 00:36:53 Debug: Notice (8): Undefined offset: 0 in [APP\views\adaptive_payments\index.ctp, line 59]
2010-05-05 00:36:53 Debug: Notice (8): Undefined offset: 1 in [APP\views\adaptive_payments\index.ctp, line 61]
2010-05-05 00:36:53 Debug: Notice (8): Undefined offset: 1 in [APP\views\adaptive_payments\index.ctp, line 62]
2010-05-05 00:36:53 Debug: Notice (8): Undefined offset: 1 in [APP\views\adaptive_payments\index.ctp, line 63]
2010-05-05 00:37:23 Debug: Notice (8): Undefined offset: 0 in [APP\views\adaptive_payments\index.ctp, line 57]
2010-05-05 00:37:24 Debug: Notice (8): Undefined offset: 0 in [APP\views\adaptive_payments\index.ctp, line 58]
2010-05-05 00:37:24 Debug: Notice (8): Undefined offset: 0 in [APP\views\adaptive_payments\index.ctp, line 59]
2010-05-05 00:37:24 Debug: Notice (8): Undefined offset: 1 in [APP\views\adaptive_payments\index.ctp, line 61]
2010-05-05 00:37:24 Debug: Notice (8): Undefined offset: 1 in [APP\views\adaptive_payments\index.ctp, line 62]
2010-05-05 00:37:24 Debug: Notice (8): Undefined offset: 1 in [APP\views\adaptive_payments\index.ctp, line 63]
2010-05-05 00:37:43 Debug: Notice (8): Undefined offset: 1 in [APP\views\adaptive_payments\index.ctp, line 61]
2010-05-05 00:37:43 Debug: Notice (8): Undefined offset: 1 in [APP\views\adaptive_payments\index.ctp, line 62]
2010-05-05 00:37:43 Debug: Notice (8): Undefined offset: 1 in [APP\views\adaptive_payments\index.ctp, line 63]
2010-05-05 00:37:43 Debug: Notice (8): Undefined offset: 0 in [APP\views\adaptive_payments\index.ctp, line 57]
2010-05-05 00:37:43 Debug: Notice (8): Undefined offset: 0 in [APP\views\adaptive_payments\index.ctp, line 58]
2010-05-05 00:37:43 Debug: Notice (8): Undefined offset: 0 in [APP\views\adaptive_payments\index.ctp, line 59]
2010-05-05 00:38:31 Debug: Notice (8): Undefined offset: 1 in [APP\views\adaptive_payments\index.ctp, line 61]
2010-05-05 00:38:31 Debug: Notice (8): Undefined offset: 1 in [APP\views\adaptive_payments\index.ctp, line 62]
2010-05-05 00:38:31 Debug: Notice (8): Undefined offset: 1 in [APP\views\adaptive_payments\index.ctp, line 63]
2010-05-05 00:38:31 Debug: Notice (8): Undefined offset: 0 in [APP\views\adaptive_payments\index.ctp, line 57]
2010-05-05 00:38:32 Debug: Notice (8): Undefined offset: 0 in [APP\views\adaptive_payments\index.ctp, line 58]
2010-05-05 00:38:32 Debug: Notice (8): Undefined offset: 0 in [APP\views\adaptive_payments\index.ctp, line 59]
2010-05-05 00:41:54 Debug: Notice (8): Undefined offset: 0 in [APP\views\adaptive_payments\index.ctp, line 57]
2010-05-05 00:41:54 Debug: Notice (8): Undefined offset: 0 in [APP\views\adaptive_payments\index.ctp, line 58]
2010-05-05 00:41:54 Debug: Notice (8): Undefined offset: 0 in [APP\views\adaptive_payments\index.ctp, line 59]
2010-05-05 00:41:54 Debug: Notice (8): Undefined offset: 1 in [APP\views\adaptive_payments\index.ctp, line 61]
2010-05-05 00:41:54 Debug: Notice (8): Undefined offset: 1 in [APP\views\adaptive_payments\index.ctp, line 62]
2010-05-05 00:41:54 Debug: Notice (8): Undefined offset: 1 in [APP\views\adaptive_payments\index.ctp, line 63]
2010-05-05 00:43:57 Debug: Notice (8): Undefined offset: 0 in [APP\views\adaptive_payments\index.ctp, line 57]
2010-05-05 00:43:57 Debug: Notice (8): Undefined offset: 0 in [APP\views\adaptive_payments\index.ctp, line 58]
2010-05-05 00:43:57 Debug: Notice (8): Undefined offset: 0 in [APP\views\adaptive_payments\index.ctp, line 59]
2010-05-05 00:43:57 Debug: Notice (8): Undefined offset: 1 in [APP\views\adaptive_payments\index.ctp, line 61]
2010-05-05 00:43:57 Debug: Notice (8): Undefined offset: 1 in [APP\views\adaptive_payments\index.ctp, line 62]
2010-05-05 00:43:57 Debug: Notice (8): Undefined offset: 1 in [APP\views\adaptive_payments\index.ctp, line 63]
2010-05-05 00:44:15 Debug: Notice (8): Undefined offset: 0 in [APP\views\adaptive_payments\index.ctp, line 57]
2010-05-05 00:44:15 Debug: Notice (8): Undefined offset: 0 in [APP\views\adaptive_payments\index.ctp, line 58]
2010-05-05 00:44:15 Debug: Notice (8): Undefined offset: 0 in [APP\views\adaptive_payments\index.ctp, line 59]
2010-05-05 00:44:15 Debug: Notice (8): Undefined offset: 1 in [APP\views\adaptive_payments\index.ctp, line 61]
2010-05-05 00:44:15 Debug: Notice (8): Undefined offset: 1 in [APP\views\adaptive_payments\index.ctp, line 62]
2010-05-05 00:44:15 Debug: Notice (8): Undefined offset: 1 in [APP\views\adaptive_payments\index.ctp, line 63]
2010-05-05 00:48:07 Debug: Notice (8): Undefined offset: 0 in [APP\views\adaptive_payments\index.ctp, line 57]
2010-05-05 00:48:07 Debug: Notice (8): Undefined offset: 0 in [APP\views\adaptive_payments\index.ctp, line 58]
2010-05-05 00:48:07 Debug: Notice (8): Undefined offset: 0 in [APP\views\adaptive_payments\index.ctp, line 59]
2010-05-05 00:48:07 Debug: Notice (8): Undefined offset: 1 in [APP\views\adaptive_payments\index.ctp, line 61]
2010-05-05 00:48:07 Debug: Notice (8): Undefined offset: 1 in [APP\views\adaptive_payments\index.ctp, line 62]
2010-05-05 00:48:07 Debug: Notice (8): Undefined offset: 1 in [APP\views\adaptive_payments\index.ctp, line 63]
2010-05-05 00:48:23 Debug: Notice (8): Undefined offset: 1 in [APP\views\adaptive_payments\index.ctp, line 61]
2010-05-05 00:48:23 Debug: Notice (8): Undefined offset: 1 in [APP\views\adaptive_payments\index.ctp, line 62]
2010-05-05 00:48:23 Debug: Notice (8): Undefined offset: 1 in [APP\views\adaptive_payments\index.ctp, line 63]
2010-05-05 00:48:23 Debug: Notice (8): Undefined offset: 0 in [APP\views\adaptive_payments\index.ctp, line 57]
2010-05-05 00:48:23 Debug: Notice (8): Undefined offset: 0 in [APP\views\adaptive_payments\index.ctp, line 58]
2010-05-05 00:48:23 Debug: Notice (8): Undefined offset: 0 in [APP\views\adaptive_payments\index.ctp, line 59]
2010-05-05 00:50:03 Debug: Notice (8): Undefined offset: 1 in [APP\views\adaptive_payments\index.ctp, line 61]
2010-05-05 00:50:03 Debug: Notice (8): Undefined offset: 1 in [APP\views\adaptive_payments\index.ctp, line 62]
2010-05-05 00:50:03 Debug: Notice (8): Undefined offset: 1 in [APP\views\adaptive_payments\index.ctp, line 63]
2010-05-05 00:50:03 Debug: Notice (8): Undefined offset: 0 in [APP\views\adaptive_payments\index.ctp, line 57]
2010-05-05 00:50:03 Debug: Notice (8): Undefined offset: 0 in [APP\views\adaptive_payments\index.ctp, line 58]
2010-05-05 00:50:03 Debug: Notice (8): Undefined offset: 0 in [APP\views\adaptive_payments\index.ctp, line 59]
2010-05-05 00:50:19 Debug: Notice (8): Undefined offset: 1 in [APP\views\adaptive_payments\index.ctp, line 61]
2010-05-05 00:50:19 Debug: Notice (8): Undefined offset: 1 in [APP\views\adaptive_payments\index.ctp, line 62]
2010-05-05 00:50:19 Debug: Notice (8): Undefined offset: 1 in [APP\views\adaptive_payments\index.ctp, line 63]
2010-05-05 00:50:19 Debug: Notice (8): Undefined offset: 0 in [APP\views\adaptive_payments\index.ctp, line 57]
2010-05-05 00:50:19 Debug: Notice (8): Undefined offset: 0 in [APP\views\adaptive_payments\index.ctp, line 58]
2010-05-05 00:50:19 Debug: Notice (8): Undefined offset: 0 in [APP\views\adaptive_payments\index.ctp, line 59]
2010-05-05 00:57:37 Debug: Notice (8): Undefined offset: 1 in [APP\views\adaptive_payments\index.ctp, line 61]
2010-05-05 00:57:37 Debug: Notice (8): Undefined offset: 1 in [APP\views\adaptive_payments\index.ctp, line 62]
2010-05-05 00:57:37 Debug: Notice (8): Undefined offset: 1 in [APP\views\adaptive_payments\index.ctp, line 63]
2010-05-05 00:57:37 Debug: Notice (8): Undefined offset: 0 in [APP\views\adaptive_payments\index.ctp, line 57]
2010-05-05 00:57:38 Debug: Notice (8): Undefined offset: 0 in [APP\views\adaptive_payments\index.ctp, line 58]
2010-05-05 00:57:38 Debug: Notice (8): Undefined offset: 0 in [APP\views\adaptive_payments\index.ctp, line 59]
2010-05-05 00:58:52 Debug: Notice (8): Undefined offset: 1 in [APP\views\adaptive_payments\index.ctp, line 61]
2010-05-05 00:58:52 Debug: Notice (8): Undefined offset: 1 in [APP\views\adaptive_payments\index.ctp, line 62]
2010-05-05 00:58:52 Debug: Notice (8): Undefined offset: 1 in [APP\views\adaptive_payments\index.ctp, line 63]
2010-05-05 00:58:52 Debug: Notice (8): Undefined offset: 0 in [APP\views\adaptive_payments\index.ctp, line 57]
2010-05-05 00:58:52 Debug: Notice (8): Undefined offset: 0 in [APP\views\adaptive_payments\index.ctp, line 58]
2010-05-05 00:58:52 Debug: Notice (8): Undefined offset: 0 in [APP\views\adaptive_payments\index.ctp, line 59]
2010-05-05 00:59:46 Debug: Notice (8): Undefined offset: 1 in [APP\views\adaptive_payments\index.ctp, line 61]
2010-05-05 00:59:46 Debug: Notice (8): Undefined offset: 1 in [APP\views\adaptive_payments\index.ctp, line 62]
2010-05-05 00:59:46 Debug: Notice (8): Undefined offset: 1 in [APP\views\adaptive_payments\index.ctp, line 63]
2010-05-05 00:59:46 Debug: Notice (8): Undefined offset: 0 in [APP\views\adaptive_payments\index.ctp, line 57]
2010-05-05 00:59:46 Debug: Notice (8): Undefined offset: 0 in [APP\views\adaptive_payments\index.ctp, line 58]
2010-05-05 00:59:46 Debug: Notice (8): Undefined offset: 0 in [APP\views\adaptive_payments\index.ctp, line 59]
2010-05-05 01:00:06 Debug: Notice (8): Undefined offset: 0 in [APP\views\adaptive_payments\index.ctp, line 57]
2010-05-05 01:00:06 Debug: Notice (8): Undefined offset: 0 in [APP\views\adaptive_payments\index.ctp, line 58]
2010-05-05 01:00:06 Debug: Notice (8): Undefined offset: 0 in [APP\views\adaptive_payments\index.ctp, line 59]
2010-05-05 01:00:06 Debug: Notice (8): Undefined offset: 1 in [APP\views\adaptive_payments\index.ctp, line 61]
2010-05-05 01:00:06 Debug: Notice (8): Undefined offset: 1 in [APP\views\adaptive_payments\index.ctp, line 62]
2010-05-05 01:00:06 Debug: Notice (8): Undefined offset: 1 in [APP\views\adaptive_payments\index.ctp, line 63]
2010-05-05 01:03:59 Debug: Notice (8): Undefined offset: 1 in [APP\views\adaptive_payments\index.ctp, line 61]
2010-05-05 01:03:59 Debug: Notice (8): Undefined offset: 1 in [APP\views\adaptive_payments\index.ctp, line 62]
2010-05-05 01:03:59 Debug: Notice (8): Undefined offset: 1 in [APP\views\adaptive_payments\index.ctp, line 63]
2010-05-05 01:15:05 Debug: Notice (8): Undefined offset: 1 in [APP\views\adaptive_payments\index.ctp, line 61]
2010-05-05 01:15:05 Debug: Notice (8): Undefined offset: 1 in [APP\views\adaptive_payments\index.ctp, line 62]
2010-05-05 01:15:05 Debug: Notice (8): Undefined offset: 1 in [APP\views\adaptive_payments\index.ctp, line 63]
2010-05-05 01:15:43 Debug: Notice (8): Undefined offset: 1 in [APP\views\adaptive_payments\index.ctp, line 61]
2010-05-05 01:15:43 Debug: Notice (8): Undefined offset: 1 in [APP\views\adaptive_payments\index.ctp, line 62]
2010-05-05 01:15:43 Debug: Notice (8): Undefined offset: 1 in [APP\views\adaptive_payments\index.ctp, line 63]
2010-05-05 01:15:43 Debug: Notice (8): Undefined offset: 0 in [APP\views\adaptive_payments\index.ctp, line 57]
2010-05-05 01:15:43 Debug: Notice (8): Undefined offset: 0 in [APP\views\adaptive_payments\index.ctp, line 58]
2010-05-05 01:15:43 Debug: Notice (8): Undefined offset: 0 in [APP\views\adaptive_payments\index.ctp, line 59]
2010-05-05 01:18:14 Debug: Notice (8): Undefined offset: 1 in [APP\views\adaptive_payments\index.ctp, line 61]
2010-05-05 01:18:14 Debug: Notice (8): Undefined offset: 1 in [APP\views\adaptive_payments\index.ctp, line 62]
2010-05-05 01:18:14 Debug: Notice (8): Undefined offset: 1 in [APP\views\adaptive_payments\index.ctp, line 63]
2010-05-05 01:18:14 Debug: Notice (8): Undefined offset: 0 in [APP\views\adaptive_payments\index.ctp, line 57]
2010-05-05 01:18:14 Debug: Notice (8): Undefined offset: 0 in [APP\views\adaptive_payments\index.ctp, line 58]
2010-05-05 01:18:14 Debug: Notice (8): Undefined offset: 0 in [APP\views\adaptive_payments\index.ctp, line 59]
2010-05-05 01:20:07 Debug: Notice (8): Undefined offset: 1 in [APP\views\adaptive_payments\index.ctp, line 61]
2010-05-05 01:20:07 Debug: Notice (8): Undefined offset: 1 in [APP\views\adaptive_payments\index.ctp, line 62]
2010-05-05 01:20:07 Debug: Notice (8): Undefined offset: 1 in [APP\views\adaptive_payments\index.ctp, line 63]
2010-05-05 01:20:07 Debug: Notice (8): Undefined offset: 0 in [APP\views\adaptive_payments\index.ctp, line 57]
2010-05-05 01:20:07 Debug: Notice (8): Undefined offset: 0 in [APP\views\adaptive_payments\index.ctp, line 58]
2010-05-05 01:20:07 Debug: Notice (8): Undefined offset: 0 in [APP\views\adaptive_payments\index.ctp, line 59]
2010-05-05 01:20:23 Debug: Notice (8): Undefined offset: 1 in [APP\views\adaptive_payments\index.ctp, line 61]
2010-05-05 01:20:23 Debug: Notice (8): Undefined offset: 1 in [APP\views\adaptive_payments\index.ctp, line 62]
2010-05-05 01:20:23 Debug: Notice (8): Undefined offset: 1 in [APP\views\adaptive_payments\index.ctp, line 63]
2010-05-05 01:20:23 Debug: Notice (8): Undefined offset: 0 in [APP\views\adaptive_payments\index.ctp, line 57]
2010-05-05 01:20:23 Debug: Notice (8): Undefined offset: 0 in [APP\views\adaptive_payments\index.ctp, line 58]
2010-05-05 01:20:23 Debug: Notice (8): Undefined offset: 0 in [APP\views\adaptive_payments\index.ctp, line 59]
2010-05-05 01:21:38 Debug: Notice (8): Undefined offset: 1 in [APP\views\adaptive_payments\index.ctp, line 61]
2010-05-05 01:21:38 Debug: Notice (8): Undefined offset: 1 in [APP\views\adaptive_payments\index.ctp, line 62]
2010-05-05 01:21:38 Debug: Notice (8): Undefined offset: 1 in [APP\views\adaptive_payments\index.ctp, line 63]
2010-05-05 01:21:38 Debug: Notice (8): Undefined offset: 0 in [APP\views\adaptive_payments\index.ctp, line 57]
2010-05-05 01:21:38 Debug: Notice (8): Undefined offset: 0 in [APP\views\adaptive_payments\index.ctp, line 58]
2010-05-05 01:21:38 Debug: Notice (8): Undefined offset: 0 in [APP\views\adaptive_payments\index.ctp, line 59]
