2010-05-01 20:14:04 Warning: Warning (512): <span style = "color:Red;text-align:left"><b>SQL Error:</b> 1364: Field 'pendingRefund' doesn't have a default value</span> in [CORE\cake\libs\model\datasources\dbo_source.php, line 527]
2010-05-01 20:17:53 Warning: Warning (512): <span style = "color:Red;text-align:left"><b>SQL Error:</b> 1364: Field 'pendingRefund' doesn't have a default value</span> in [CORE\cake\libs\model\datasources\dbo_source.php, line 527]
2010-05-02 15:19:29 Warning: Warning (512): <span style = "color:Red;text-align:left"><b>SQL Error:</b> 1364: Field 'pendingRefund' doesn't have a default value</span> in [CORE\cake\libs\model\datasources\dbo_source.php, line 527]
2010-05-02 15:34:06 Warning: Warning (512): <span style = "color:Red;text-align:left"><b>SQL Error:</b> 1366: Incorrect integer value: 'false' for column 'primary' at row 1</span> in [CORE\cake\libs\model\datasources\dbo_source.php, line 527]
2010-05-02 15:42:32 Warning: Warning (512): <span style = "color:Red;text-align:left"><b>SQL Error:</b> 1366: Incorrect integer value: 'false' for column 'primary' at row 1</span> in [CORE\cake\libs\model\datasources\dbo_source.php, line 527]
2010-05-02 15:52:18 Warning: Warning (512): <span style = "color:Red;text-align:left"><b>SQL Error:</b> 1366: Incorrect integer value: 'false' for column 'primary' at row 1</span> in [CORE\cake\libs\model\datasources\dbo_source.php, line 527]
2010-05-02 16:08:23 Warning: Warning (512): <span style = "color:Red;text-align:left"><b>SQL Error:</b> 1265: Data truncated for column 'amount' at row 1</span> in [CORE\cake\libs\model\datasources\dbo_source.php, line 527]
2010-05-02 16:10:51 Warning: Warning (512): <span style = "color:Red;text-align:left"><b>SQL Error:</b> 1265: Data truncated for column 'amount' at row 1</span> in [CORE\cake\libs\model\datasources\dbo_source.php, line 527]
2010-05-02 16:15:25 Warning: Warning (512): <span style = "color:Red;text-align:left"><b>SQL Error:</b> 1265: Data truncated for column 'amount' at row 1</span> in [CORE\cake\libs\model\datasources\dbo_source.php, line 527]
2010-05-02 16:26:33 Warning: Warning (512): <span style = "color:Red;text-align:left"><b>SQL Error:</b> 1265: Data truncated for column 'amount' at row 1</span> in [CORE\cake\libs\model\datasources\dbo_source.php, line 527]
2010-05-02 17:22:36 Warning: Warning (512): Configure::load() - no variable $config found in config.php in [CORE\cake\libs\configure.php, line 421]
2010-05-02 17:23:43 Warning: Warning (2): Missing argument 1 for Paypal::__construct(), called in F:\Program Files\Apache Software Foundation\Apache2.2\htdocs\marccondon\app\controllers\components\paypal_adaptive.php on line 31 and defined in [APP\vendors\paypal\PaypalAdaptive.php, line 31]
2010-05-02 17:23:43 Warning: Warning (2): Missing argument 1 for Paypal::__construct(), called in F:\Program Files\Apache Software Foundation\Apache2.2\htdocs\marccondon\app\controllers\components\paypal_adaptive.php on line 35 and defined in [APP\vendors\paypal\PaypalAdaptive.php, line 31]
2010-05-02 17:26:22 Warning: Warning (2): Missing argument 1 for Paypal::__construct(), called in F:\Program Files\Apache Software Foundation\Apache2.2\htdocs\marccondon\app\controllers\components\paypal_adaptive.php on line 34 and defined in [APP\vendors\paypal\PaypalAdaptive.php, line 31]
2010-05-02 17:26:22 Warning: Warning (2): Missing argument 1 for Paypal::__construct(), called in F:\Program Files\Apache Software Foundation\Apache2.2\htdocs\marccondon\app\controllers\components\paypal_adaptive.php on line 38 and defined in [APP\vendors\paypal\PaypalAdaptive.php, line 31]
2010-05-02 17:31:17 Warning: Warning (2): Missing argument 1 for Paypal::__construct(), called in F:\Program Files\Apache Software Foundation\Apache2.2\htdocs\marccondon\app\controllers\components\paypal_adaptive.php on line 32 and defined in [APP\vendors\paypal\PaypalAdaptive.php, line 31]
2010-05-02 17:31:17 Warning: Warning (2): Missing argument 1 for Paypal::__construct(), called in F:\Program Files\Apache Software Foundation\Apache2.2\htdocs\marccondon\app\controllers\components\paypal_adaptive.php on line 36 and defined in [APP\vendors\paypal\PaypalAdaptive.php, line 31]
2010-05-02 17:31:17 Warning: Warning (2): Missing argument 1 for Paypal::__construct(), called in F:\Program Files\Apache Software Foundation\Apache2.2\htdocs\marccondon\app\controllers\components\paypal_adaptive.php on line 9 and defined in [APP\vendors\paypal\PaypalAdaptive.php, line 31]
2010-05-02 18:03:03 Warning: Warning (2): parse_ini_file(test.ini) [<a href='http://php.net/function.parse-ini-file'>function.parse-ini-file</a>]: failed to open stream: No such file or directory in [APP\vendors\paypal\PaypalAdaptive.php, line 33]
2010-05-02 21:00:39 Warning: Warning (512): <span style = "color:Red;text-align:left"><b>SQL Error:</b> 1265: Data truncated for column 'amount' at row 1</span> in [CORE\cake\libs\model\datasources\dbo_source.php, line 527]
2010-05-04 19:24:09 Warning: Warning (2): mysql_connect() [<a href='http://php.net/function.mysql-connect'>function.mysql-connect</a>]: Access denied for user 'root'@'localhost' (using password: YES) in [CORE\cake\libs\model\datasources\dbo\dbo_mysql.php, line 454]
2010-05-04 19:24:09 Warning: Warning (2): mysql_select_db() expects parameter 2 to be resource, boolean given in [CORE\cake\libs\model\datasources\dbo\dbo_mysql.php, line 460]
2010-05-04 19:24:09 Warning: Warning (2): mysql_get_server_info() expects parameter 1 to be resource, boolean given in [CORE\cake\libs\model\datasources\dbo\dbo_mysql.php, line 468]
2010-05-04 19:24:09 Warning: Warning (2): mysql_query() expects parameter 2 to be resource, boolean given in [CORE\cake\libs\model\datasources\dbo\dbo_mysql.php, line 500]
2010-05-04 22:48:45 Warning: Warning (512): <span style = "color:Red;text-align:left"><b>SQL Error:</b> 1048: Column 'transaction_num' cannot be null</span> in [CORE\cake\libs\model\datasources\dbo_source.php, line 527]
2010-05-04 23:34:25 Warning: Warning (512): <span style = "color:Red;text-align:left"><b>SQL Error:</b> 1054: Unknown column 'AdaptivePaymentsTransaction.transactionId' in 'where clause'</span> in [CORE\cake\libs\model\datasources\dbo_source.php, line 527]
2010-05-04 23:35:42 Warning: Warning (512): <span style = "color:Red;text-align:left"><b>SQL Error:</b> 1054: Unknown column 'AdaptivePaymentsTransaction.transactionId' in 'where clause'</span> in [CORE\cake\libs\model\datasources\dbo_source.php, line 527]
2010-05-04 23:40:44 Warning: Warning (512): <span style = "color:Red;text-align:left"><b>SQL Error:</b> 1054: Unknown column 'AdaptivePaymentsTransaction.transactionId' in 'where clause'</span> in [CORE\cake\libs\model\datasources\dbo_source.php, line 527]
2010-05-04 23:45:30 Warning: Warning (512): <span style = "color:Red;text-align:left"><b>SQL Error:</b> 1054: Unknown column 'AdaptivePaymentsTransaction.transactionId' in 'where clause'</span> in [CORE\cake\libs\model\datasources\dbo_source.php, line 527]
2010-05-05 00:30:39 Warning: Warning (512): <span style = "color:Red;text-align:left"><b>SQL Error:</b> 1048: Column 'id' cannot be null</span> in [CORE\cake\libs\model\datasources\dbo_source.php, line 527]
2010-05-05 01:15:48 Warning: Warning (512): <span style = "color:Red;text-align:left"><b>SQL Error:</b> 1062: Duplicate entry '0' for key 'PRIMARY'</span> in [CORE\cake\libs\model\datasources\dbo_source.php, line 527]
